{"numTotalTestSuites":36,"numPassedTestSuites":32,"numFailedTestSuites":4,"numPendingTestSuites":0,"numTotalTests":52,"numPassedTests":49,"numFailedTests":3,"numPendingTests":0,"numTodoTests":0,"snapshot":{"added":0,"failure":false,"filesAdded":0,"filesRemoved":0,"filesRemovedList":[],"filesUnmatched":0,"filesUpdated":0,"matched":0,"total":0,"unchecked":0,"uncheckedKeysByFile":[],"unmatched":0,"updated":0,"didUpdate":false},"startTime":1769649931861,"success":false,"testResults":[{"assertionResults":[{"ancestorTitles":["ProjectionEngine: Strategic Simulation"],"fullName":"ProjectionEngine: Strategic Simulation should detect the FI/RE milestone when passive income exceeds expenses","status":"passed","title":"should detect the FI/RE milestone when passive income exceeds expenses","duration":0.9511999999999716,"failureMessages":[],"meta":{}},{"ancestorTitles":["ProjectionEngine: Strategic Simulation"],"fullName":"ProjectionEngine: Strategic Simulation should correctly apply a life event (Windfall) at a specific month","status":"passed","title":"should correctly apply a life event (Windfall) at a specific month","duration":0.27799999999979264,"failureMessages":[],"meta":{}},{"ancestorTitles":["ProjectionEngine: Strategic Simulation"],"fullName":"ProjectionEngine: Strategic Simulation should maintain static wealth if growth and surplus are zero","status":"passed","title":"should maintain static wealth if growth and surplus are zero","duration":0.18780000000015207,"failureMessages":[],"meta":{}}],"startTime":1769649933993,"endTime":1769649933995.1877,"status":"passed","message":"","name":"G:/Fergus/Downloads/sheetsense/tests/cockpit/ProjectionEngine.test.ts"},{"assertionResults":[{"ancestorTitles":["MerchantIntelligence: Behavioral Engine"],"fullName":"MerchantIntelligence: Behavioral Engine should detect a Monthly cadence for recurring merchants","status":"failed","title":"should detect a Monthly cadence for recurring merchants","duration":3.9730999999999312,"failureMessages":["AssertionError: expected 'NONE' to be 'MONTHLY' // Object.is equality\n    at G:/Fergus/Downloads/sheetsense/tests/domain/MerchantIntelligence.test.ts:19:30\n    at file:///G:/Fergus/Downloads/sheetsense/node_modules/@vitest/runner/dist/index.js:145:11\n    at file:///G:/Fergus/Downloads/sheetsense/node_modules/@vitest/runner/dist/index.js:915:26\n    at file:///G:/Fergus/Downloads/sheetsense/node_modules/@vitest/runner/dist/index.js:1243:20\n    at new Promise (<anonymous>)\n    at runWithTimeout (file:///G:/Fergus/Downloads/sheetsense/node_modules/@vitest/runner/dist/index.js:1209:10)\n    at file:///G:/Fergus/Downloads/sheetsense/node_modules/@vitest/runner/dist/index.js:1653:37\n    at Traces.$ (file:///G:/Fergus/Downloads/sheetsense/node_modules/vitest/dist/chunks/traces.CCmnQaNT.js:142:27)\n    at trace (file:///G:/Fergus/Downloads/sheetsense/node_modules/vitest/dist/chunks/test.B8ej_ZHS.js:239:21)\n    at runTest (file:///G:/Fergus/Downloads/sheetsense/node_modules/@vitest/runner/dist/index.js:1653:12)"],"meta":{}},{"ancestorTitles":["MerchantIntelligence: Behavioral Engine"],"fullName":"MerchantIntelligence: Behavioral Engine should identify spending shocks correctly","status":"failed","title":"should identify spending shocks correctly","duration":0.8446999999998752,"failureMessages":["AssertionError: expected null not to be null\n    at G:/Fergus/Downloads/sheetsense/tests/domain/MerchantIntelligence.test.ts:35:25\n    at file:///G:/Fergus/Downloads/sheetsense/node_modules/@vitest/runner/dist/index.js:145:11\n    at file:///G:/Fergus/Downloads/sheetsense/node_modules/@vitest/runner/dist/index.js:915:26\n    at file:///G:/Fergus/Downloads/sheetsense/node_modules/@vitest/runner/dist/index.js:1243:20\n    at new Promise (<anonymous>)\n    at runWithTimeout (file:///G:/Fergus/Downloads/sheetsense/node_modules/@vitest/runner/dist/index.js:1209:10)\n    at file:///G:/Fergus/Downloads/sheetsense/node_modules/@vitest/runner/dist/index.js:1653:37\n    at Traces.$ (file:///G:/Fergus/Downloads/sheetsense/node_modules/vitest/dist/chunks/traces.CCmnQaNT.js:142:27)\n    at trace (file:///G:/Fergus/Downloads/sheetsense/node_modules/vitest/dist/chunks/test.B8ej_ZHS.js:239:21)\n    at runTest (file:///G:/Fergus/Downloads/sheetsense/node_modules/@vitest/runner/dist/index.js:1653:12)"],"meta":{}},{"ancestorTitles":["MerchantIntelligence: Behavioral Engine"],"fullName":"MerchantIntelligence: Behavioral Engine should flag unregistered recurring merchants for conversion","status":"passed","title":"should flag unregistered recurring merchants for conversion","duration":0.2684999999999036,"failureMessages":[],"meta":{}}],"startTime":1769649933835,"endTime":1769649933840.2686,"status":"failed","message":"","name":"G:/Fergus/Downloads/sheetsense/tests/domain/MerchantIntelligence.test.ts"},{"assertionResults":[{"ancestorTitles":["PortfolioReconciliation: Position Integrity"],"fullName":"PortfolioReconciliation: Position Integrity should proportionally distribute net trades across existing accounts","status":"passed","title":"should proportionally distribute net trades across existing accounts","duration":0.880699999999706,"failureMessages":[],"meta":{}},{"ancestorTitles":["PortfolioReconciliation: Position Integrity"],"fullName":"PortfolioReconciliation: Position Integrity should detect new tickers found only in trades as derived positions","status":"passed","title":"should detect new tickers found only in trades as derived positions","duration":0.2597000000000662,"failureMessages":[],"meta":{}},{"ancestorTitles":["PortfolioReconciliation: Position Integrity"],"fullName":"PortfolioReconciliation: Position Integrity should correctly handle a full exit of a position","status":"passed","title":"should correctly handle a full exit of a position","duration":0.12689999999975043,"failureMessages":[],"meta":{}},{"ancestorTitles":["PortfolioReconciliation: Position Integrity"],"fullName":"PortfolioReconciliation: Position Integrity should ignore fully exited derived positions","status":"passed","title":"should ignore fully exited derived positions","duration":0.11900000000014188,"failureMessages":[],"meta":{}}],"startTime":1769649934674,"endTime":1769649934675.2598,"status":"passed","message":"","name":"G:/Fergus/Downloads/sheetsense/tests/domain/PortfolioReconciliation.test.ts"},{"assertionResults":[{"ancestorTitles":["FinancialEngine: Math Authority","Rounding Protocol"],"fullName":"FinancialEngine: Math Authority Rounding Protocol should round standard financial values to 2 decimals","status":"passed","title":"should round standard financial values to 2 decimals","duration":0.9510000000000218,"failureMessages":[],"meta":{}},{"ancestorTitles":["FinancialEngine: Math Authority","Rounding Protocol"],"fullName":"FinancialEngine: Math Authority Rounding Protocol should handle floating point precision errors","status":"passed","title":"should handle floating point precision errors","duration":0.1538999999997941,"failureMessages":[],"meta":{}},{"ancestorTitles":["FinancialEngine: Math Authority","Percentage Change"],"fullName":"FinancialEngine: Math Authority Percentage Change should calculate positive growth correctly","status":"passed","title":"should calculate positive growth correctly","duration":0.15489999999999782,"failureMessages":[],"meta":{}},{"ancestorTitles":["FinancialEngine: Math Authority","Percentage Change"],"fullName":"FinancialEngine: Math Authority Percentage Change should calculate negative growth (loss) correctly","status":"passed","title":"should calculate negative growth (loss) correctly","duration":0.13979999999992287,"failureMessages":[],"meta":{}},{"ancestorTitles":["FinancialEngine: Math Authority","Percentage Change"],"fullName":"FinancialEngine: Math Authority Percentage Change should return null if previous value is zero to prevent Infinity","status":"passed","title":"should return null if previous value is zero to prevent Infinity","duration":0.12090000000034706,"failureMessages":[],"meta":{}},{"ancestorTitles":["FinancialEngine: Math Authority","Median Calculation (Baseline Engine)"],"fullName":"FinancialEngine: Math Authority Median Calculation (Baseline Engine) should find the middle value in an odd-length array","status":"passed","title":"should find the middle value in an odd-length array","duration":0.12359999999989668,"failureMessages":[],"meta":{}},{"ancestorTitles":["FinancialEngine: Math Authority","Median Calculation (Baseline Engine)"],"fullName":"FinancialEngine: Math Authority Median Calculation (Baseline Engine) should find the average of two middle values in an even-length array","status":"passed","title":"should find the average of two middle values in an even-length array","duration":0.06620000000020809,"failureMessages":[],"meta":{}},{"ancestorTitles":["FinancialEngine: Math Authority","Dietz Method (Money-Weighted Return)"],"fullName":"FinancialEngine: Math Authority Dietz Method (Money-Weighted Return) should calculate basic market gain without flows","status":"passed","title":"should calculate basic market gain without flows","duration":0.17090000000007421,"failureMessages":[],"meta":{}},{"ancestorTitles":["FinancialEngine: Math Authority","Dietz Method (Money-Weighted Return)"],"fullName":"FinancialEngine: Math Authority Dietz Method (Money-Weighted Return) should account for capital injections (net flows)","status":"passed","title":"should account for capital injections (net flows)","duration":0.119499999999789,"failureMessages":[],"meta":{}},{"ancestorTitles":["FinancialEngine: Math Authority","Dietz Method (Money-Weighted Return)"],"fullName":"FinancialEngine: Math Authority Dietz Method (Money-Weighted Return) should handle zero-start edge cases","status":"passed","title":"should handle zero-start edge cases","duration":0.1275999999998021,"failureMessages":[],"meta":{}},{"ancestorTitles":["FinancialEngine: Math Authority","Risk Metrics: Max Drawdown"],"fullName":"FinancialEngine: Math Authority Risk Metrics: Max Drawdown should calculate 0% drawdown for purely ascending series","status":"passed","title":"should calculate 0% drawdown for purely ascending series","duration":0.11699999999973443,"failureMessages":[],"meta":{}},{"ancestorTitles":["FinancialEngine: Math Authority","Risk Metrics: Max Drawdown"],"fullName":"FinancialEngine: Math Authority Risk Metrics: Max Drawdown should identify the largest peak-to-trough decline","status":"passed","title":"should identify the largest peak-to-trough decline","duration":0.05960000000004584,"failureMessages":[],"meta":{}}],"startTime":1769649933980,"endTime":1769649933983.0596,"status":"passed","message":"","name":"G:/Fergus/Downloads/sheetsense/tests/math/FinancialEngine.test.ts"},{"assertionResults":[{"ancestorTitles":["MortgageService: Institutional Math"],"fullName":"MortgageService: Institutional Math should calculate standard monthly payments matching Canadian compounding rules","status":"passed","title":"should calculate standard monthly payments matching Canadian compounding rules","duration":0.9254000000000815,"failureMessages":[],"meta":{}},{"ancestorTitles":["MortgageService: Institutional Math"],"fullName":"MortgageService: Institutional Math should calculate the \"Renewal Shock\" delta correctly","status":"passed","title":"should calculate the \"Renewal Shock\" delta correctly","duration":0.29719999999997526,"failureMessages":[],"meta":{}},{"ancestorTitles":["MortgageService: Institutional Math"],"fullName":"MortgageService: Institutional Math should verify acceleration benefit from accelerated bi-weekly frequency","status":"passed","title":"should verify acceleration benefit from accelerated bi-weekly frequency","duration":0.5417999999999665,"failureMessages":[],"meta":{}}],"startTime":1769649933933,"endTime":1769649933934.5417,"status":"passed","message":"","name":"G:/Fergus/Downloads/sheetsense/tests/math/MortgageService.test.ts"},{"assertionResults":[{"ancestorTitles":["BackupService: EVP Integrity"],"fullName":"BackupService: EVP Integrity should reject unencrypted or malformed legacy backups","status":"passed","title":"should reject unencrypted or malformed legacy backups","duration":1.3601000000003296,"failureMessages":[],"meta":{}},{"ancestorTitles":["BackupService: EVP Integrity"],"fullName":"BackupService: EVP Integrity should detect identity mismatch on decryption failure","status":"passed","title":"should detect identity mismatch on decryption failure","duration":0.36049999999977445,"failureMessages":[],"meta":{}}],"startTime":1769649933998,"endTime":1769649933999.3606,"status":"passed","message":"","name":"G:/Fergus/Downloads/sheetsense/tests/infrastructure/BackupService.test.ts"},{"assertionResults":[{"ancestorTitles":["CryptoService: Vault Integrity Protocol"],"fullName":"CryptoService: Vault Integrity Protocol should generate a deterministic signature for a payload","status":"passed","title":"should generate a deterministic signature for a payload","duration":2.587600000000066,"failureMessages":[],"meta":{}},{"ancestorTitles":["CryptoService: Vault Integrity Protocol"],"fullName":"CryptoService: Vault Integrity Protocol should fail integrity verification if the sheet ID is modified","status":"passed","title":"should fail integrity verification if the sheet ID is modified","duration":0.4175000000000182,"failureMessages":[],"meta":{}},{"ancestorTitles":["CryptoService: Vault Integrity Protocol"],"fullName":"CryptoService: Vault Integrity Protocol should successfully round-trip encryption and decryption","status":"passed","title":"should successfully round-trip encryption and decryption","duration":25.72440000000006,"failureMessages":[],"meta":{}},{"ancestorTitles":["CryptoService: Vault Integrity Protocol"],"fullName":"CryptoService: Vault Integrity Protocol should fail to decrypt if the seed is incorrect (Identity Locking)","status":"passed","title":"should fail to decrypt if the seed is incorrect (Identity Locking)","duration":25.947400000000016,"failureMessages":[],"meta":{}}],"startTime":1769649933829,"endTime":1769649933883.9475,"status":"passed","message":"","name":"G:/Fergus/Downloads/sheetsense/tests/infrastructure/CryptoService.test.ts"},{"assertionResults":[{"ancestorTitles":["IntelligenceProvider: Neural Core","Strategy 1: Deterministic Cleaning"],"fullName":"IntelligenceProvider: Neural Core Strategy 1: Deterministic Cleaning should strip noise like hashtags, long codes, and locations","status":"passed","title":"should strip noise like hashtags, long codes, and locations","duration":1.5032999999998538,"failureMessages":[],"meta":{}},{"ancestorTitles":["IntelligenceProvider: Neural Core","Strategy 2: Neural Integration (Gemini Mock)"],"fullName":"IntelligenceProvider: Neural Core Strategy 2: Neural Integration (Gemini Mock) should map unknown merchants to target categories via AI mock","status":"passed","title":"should map unknown merchants to target categories via AI mock","duration":4.397100000000137,"failureMessages":[],"meta":{}}],"startTime":1769649933893,"endTime":1769649933899.3972,"status":"passed","message":"","name":"G:/Fergus/Downloads/sheetsense/tests/infrastructure/IntelligenceProvider.test.ts"},{"assertionResults":[{"ancestorTitles":["LedgerParsers: Matrix Resolution"],"fullName":"LedgerParsers: Matrix Resolution should correctly identify parent categories based on header heuristic","status":"passed","title":"should correctly identify parent categories based on header heuristic","duration":2.6520000000000437,"failureMessages":[],"meta":{}},{"ancestorTitles":["LedgerParsers: Matrix Resolution"],"fullName":"LedgerParsers: Matrix Resolution should parse indented sub-categories and normalize dirty numeric strings","status":"passed","title":"should parse indented sub-categories and normalize dirty numeric strings","duration":0.630699999999706,"failureMessages":[],"meta":{}},{"ancestorTitles":["LedgerParsers: Matrix Resolution"],"fullName":"LedgerParsers: Matrix Resolution should handle empty months without crashing","status":"passed","title":"should handle empty months without crashing","duration":0.31100000000014916,"failureMessages":[],"meta":{}}],"startTime":1769649933959,"endTime":1769649933962.311,"status":"passed","message":"","name":"G:/Fergus/Downloads/sheetsense/tests/parsers/LedgerParsers.test.ts"},{"assertionResults":[{"ancestorTitles":["UniversalParser: Ingestion Guard"],"fullName":"UniversalParser: Ingestion Guard should correctly map columns based on fuzzy keyword matching","status":"passed","title":"should correctly map columns based on fuzzy keyword matching","duration":1.6684999999997672,"failureMessages":[],"meta":{}},{"ancestorTitles":["UniversalParser: Ingestion Guard"],"fullName":"UniversalParser: Ingestion Guard should ignore empty rows","status":"passed","title":"should ignore empty rows","duration":0.25979999999981374,"failureMessages":[],"meta":{}},{"ancestorTitles":["UniversalParser: Ingestion Guard"],"fullName":"UniversalParser: Ingestion Guard should reject rows missing required fields","status":"passed","title":"should reject rows missing required fields","duration":0.21059999999988577,"failureMessages":[],"meta":{}},{"ancestorTitles":["UniversalParser: Ingestion Guard"],"fullName":"UniversalParser: Ingestion Guard should handle currency symbols and formatted numbers","status":"passed","title":"should handle currency symbols and formatted numbers","duration":0.14019999999982247,"failureMessages":[],"meta":{}},{"ancestorTitles":["UniversalParser: Ingestion Guard"],"fullName":"UniversalParser: Ingestion Guard should execute post-processing logic if defined in schema","status":"passed","title":"should execute post-processing logic if defined in schema","duration":0.3029999999998836,"failureMessages":[],"meta":{}},{"ancestorTitles":["UniversalParser: Ingestion Guard"],"fullName":"UniversalParser: Ingestion Guard should handle numeric ticker names gracefully","status":"passed","title":"should handle numeric ticker names gracefully","duration":0.15239999999994325,"failureMessages":[],"meta":{}}],"startTime":1769649934667,"endTime":1769649934670.303,"status":"passed","message":"","name":"G:/Fergus/Downloads/sheetsense/tests/parsers/UniversalParser.test.ts"},{"assertionResults":[{"ancestorTitles":["RolloverProtocol: Year-End Authority"],"fullName":"RolloverProtocol: Year-End Authority should execute a full rollover sequence with archiving and resetting","status":"failed","title":"should execute a full rollover sequence with archiving and resetting","duration":7.08219999999983,"failureMessages":["AssertionError: expected \"vi.fn()\" to be called with arguments: [ Array(2) ]\u001b[90m\n\nReceived: \n\n\u001b[1m  1st vi.fn() call:\n\n\u001b[22m\u001b[2m  [\u001b[22m\n\u001b[32m-   StringContaining \"batchUpdate\",\u001b[90m\n\u001b[32m-   ObjectContaining {\u001b[90m\n\u001b[32m-     \"body\": ObjectContaining {\u001b[90m\n\u001b[32m-       \"requests\": ArrayContaining [\u001b[90m\n\u001b[32m-         ObjectContaining {\u001b[90m\n\u001b[32m-           \"duplicateSheet\": Any<Object>,\u001b[90m\n\u001b[32m-         },\u001b[90m\n\u001b[32m-         ObjectContaining {\u001b[90m\n\u001b[32m-           \"addProtectedRange\": Any<Object>,\u001b[90m\n\u001b[32m-         },\u001b[90m\n\u001b[32m-         ObjectContaining {\u001b[90m\n\u001b[32m-           \"repeatCell\": Any<Object>,\u001b[90m\n\u001b[32m-         },\u001b[90m\n\u001b[32m-       ],\u001b[90m\n\u001b[32m-     },\u001b[90m\n\u001b[32m-     \"method\": \"POST\",\u001b[90m\n\u001b[32m-   },\u001b[90m\n\u001b[31m+   \"https://sheets.googleapis.com/v4/spreadsheets/sheet-123?fields=sheets.properties\",\u001b[90m\n\u001b[2m  ]\u001b[22m\n\n\u001b[1m  2nd vi.fn() call:\n\n\u001b[22m\u001b[33m@@ -1,18 +1,23 @@\u001b[90m\n\u001b[2m  [\u001b[22m\n\u001b[32m-   StringContaining \"batchUpdate\",\u001b[90m\n\u001b[32m-   ObjectContaining {\u001b[90m\n\u001b[32m-     \"body\": ObjectContaining {\u001b[90m\n\u001b[32m-       \"requests\": ArrayContaining [\u001b[90m\n\u001b[32m-         ObjectContaining {\u001b[90m\n\u001b[32m-           \"duplicateSheet\": Any<Object>,\u001b[90m\n\u001b[31m+   \"https://sheets.googleapis.com/v4/spreadsheets/sheet-123:batchUpdate\",\u001b[90m\n\u001b[31m+   {\u001b[90m\n\u001b[31m+     \"body\": {\u001b[90m\n\u001b[31m+       \"requests\": [\u001b[90m\n\u001b[31m+         {\u001b[90m\n\u001b[31m+           \"duplicateSheet\": {\u001b[90m\n\u001b[31m+             \"insertSheetIndex\": 0,\u001b[90m\n\u001b[31m+             \"newSheetName\": \"Income-24\",\u001b[90m\n\u001b[31m+             \"sourceSheetId\": 101,\u001b[90m\n\u001b[31m+           },\u001b[90m\n\u001b[2m          },\u001b[22m\n\u001b[32m-         ObjectContaining {\u001b[90m\n\u001b[32m-           \"addProtectedRange\": Any<Object>,\u001b[90m\n\u001b[31m+         {\u001b[90m\n\u001b[31m+           \"duplicateSheet\": {\u001b[90m\n\u001b[31m+             \"insertSheetIndex\": 0,\u001b[90m\n\u001b[31m+             \"newSheetName\": \"Expenses-24\",\u001b[90m\n\u001b[31m+             \"sourceSheetId\": 102,\u001b[90m\n\u001b[2m            },\u001b[22m\n\u001b[32m-         ObjectContaining {\u001b[90m\n\u001b[32m-           \"repeatCell\": Any<Object>,\u001b[90m\n\u001b[2m          },\u001b[22m\n\u001b[2m        ],\u001b[22m\n\u001b[2m      },\u001b[22m\n\u001b[2m      \"method\": \"POST\",\u001b[22m\n\u001b[2m    },\u001b[22m\n\n\u001b[1m  3rd vi.fn() call:\n\n\u001b[22m\u001b[33m@@ -1,18 +1,333 @@\u001b[90m\n\u001b[2m  [\u001b[22m\n\u001b[32m-   StringContaining \"batchUpdate\",\u001b[90m\n\u001b[32m-   ObjectContaining {\u001b[90m\n\u001b[32m-     \"body\": ObjectContaining {\u001b[90m\n\u001b[32m-       \"requests\": ArrayContaining [\u001b[90m\n\u001b[32m-         ObjectContaining {\u001b[90m\n\u001b[32m-           \"duplicateSheet\": Any<Object>,\u001b[90m\n\u001b[31m+   \"https://sheets.googleapis.com/v4/spreadsheets/sheet-123:batchUpdate\",\u001b[90m\n\u001b[31m+   {\u001b[90m\n\u001b[31m+     \"body\": {\u001b[90m\n\u001b[31m+       \"requests\": [\u001b[90m\n\u001b[31m+         {\u001b[90m\n\u001b[31m+           \"addProtectedRange\": {\u001b[90m\n\u001b[31m+             \"protectedRange\": {\u001b[90m\n\u001b[31m+               \"description\": \"Immutable Financial Archive\",\u001b[90m\n\u001b[31m+               \"range\": {\u001b[90m\n\u001b[31m+                 \"sheetId\": 999,\u001b[90m\n\u001b[31m+               },\u001b[90m\n\u001b[31m+               \"warningOnly\": false,\u001b[90m\n\u001b[31m+             },\u001b[90m\n\u001b[31m+           },\u001b[90m\n\u001b[31m+         },\u001b[90m\n\u001b[31m+         {\u001b[90m\n\u001b[31m+           \"addProtectedRange\": {\u001b[90m\n\u001b[31m+             \"protectedRange\": {\u001b[90m\n\u001b[31m+               \"description\": \"Immutable Financial Archive\",\u001b[90m\n\u001b[31m+               \"range\": {\u001b[90m\n\u001b[31m+                 \"sheetId\": 888,\u001b[90m\n\u001b[31m+               },\u001b[90m\n\u001b[31m+               \"warningOnly\": false,\u001b[90m\n\u001b[31m+             },\u001b[90m\n\u001b[31m+           },\u001b[90m\n\u001b[31m+         },\u001b[90m\n\u001b[31m+         {\u001b[90m\n\u001b[31m+           \"updateCells\": {\u001b[90m\n\u001b[31m+             \"fields\": \"userEnteredValue\",\u001b[90m\n\u001b[31m+             \"range\": {\u001b[90m\n\u001b[31m+               \"endColumnIndex\": 13,\u001b[90m\n\u001b[31m+               \"endRowIndex\": 3,\u001b[90m\n\u001b[31m+               \"sheetId\": 101,\u001b[90m\n\u001b[31m+               \"startColumnIndex\": 1,\u001b[90m\n\u001b[31m+               \"startRowIndex\": 2,\u001b[90m\n\u001b[31m+             },\u001b[90m\n\u001b[31m+             \"rows\": [\u001b[90m\n\u001b[31m+               {\u001b[90m\n\u001b[31m+                 \"values\": [\u001b[90m\n\u001b[31m+                   {\u001b[90m\n\u001b[31m+                     \"userEnteredValue\": {\u001b[90m\n\u001b[31m+                       \"stringValue\": \"Jan-25\",\u001b[90m\n\u001b[31m+                     },\u001b[90m\n\u001b[31m+                   },\u001b[90m\n\u001b[31m+                   {\u001b[90m\n\u001b[31m+                     \"userEnteredValue\": {\u001b[90m\n\u001b[31m+                       \"stringValue\": \"Feb-25\",\u001b[90m\n\u001b[31m+                     },\u001b[90m\n\u001b[31m+                   },\u001b[90m\n\u001b[31m+                   {\u001b[90m\n\u001b[31m+                     \"userEnteredValue\": {\u001b[90m\n\u001b[31m+                       \"stringValue\": \"Mar-25\",\u001b[90m\n\u001b[31m+                     },\u001b[90m\n\u001b[31m+                   },\u001b[90m\n\u001b[31m+                   {\u001b[90m\n\u001b[31m+                     \"userEnteredValue\": {\u001b[90m\n\u001b[31m+                       \"stringValue\": \"Apr-25\",\u001b[90m\n\u001b[31m+                     },\u001b[90m\n\u001b[31m+                   },\u001b[90m\n\u001b[31m+                   {\u001b[90m\n\u001b[31m+                     \"userEnteredValue\": {\u001b[90m\n\u001b[31m+                       \"stringValue\": \"May-25\",\u001b[90m\n\u001b[31m+                     },\u001b[90m\n\u001b[31m+                   },\u001b[90m\n\u001b[31m+                   {\u001b[90m\n\u001b[31m+                     \"userEnteredValue\": {\u001b[90m\n\u001b[31m+                       \"stringValue\": \"Jun-25\",\u001b[90m\n\u001b[31m+                     },\u001b[90m\n\u001b[31m+                   },\u001b[90m\n\u001b[31m+                   {\u001b[90m\n\u001b[31m+                     \"userEnteredValue\": {\u001b[90m\n\u001b[31m+                       \"stringValue\": \"Jul-25\",\u001b[90m\n\u001b[31m+                     },\u001b[90m\n\u001b[31m+                   },\u001b[90m\n\u001b[31m+                   {\u001b[90m\n\u001b[31m+                     \"userEnteredValue\": {\u001b[90m\n\u001b[31m+                       \"stringValue\": \"Aug-25\",\u001b[90m\n\u001b[31m+                     },\u001b[90m\n\u001b[31m+                   },\u001b[90m\n\u001b[31m+                   {\u001b[90m\n\u001b[31m+                     \"userEnteredValue\": {\u001b[90m\n\u001b[31m+                       \"stringValue\": \"Sep-25\",\u001b[90m\n\u001b[31m+                     },\u001b[90m\n\u001b[31m+                   },\u001b[90m\n\u001b[31m+                   {\u001b[90m\n\u001b[31m+                     \"userEnteredValue\": {\u001b[90m\n\u001b[31m+                       \"stringValue\": \"Oct-25\",\u001b[90m\n\u001b[31m+                     },\u001b[90m\n\u001b[31m+                   },\u001b[90m\n\u001b[31m+                   {\u001b[90m\n\u001b[31m+                     \"userEnteredValue\": {\u001b[90m\n\u001b[31m+                       \"stringValue\": \"Nov-25\",\u001b[90m\n\u001b[31m+                     },\u001b[90m\n\u001b[31m+                   },\u001b[90m\n\u001b[31m+                   {\u001b[90m\n\u001b[31m+                     \"userEnteredValue\": {\u001b[90m\n\u001b[31m+                       \"stringValue\": \"Dec-25\",\u001b[90m\n\u001b[31m+                     },\u001b[90m\n\u001b[31m+                   },\u001b[90m\n\u001b[31m+                 ],\u001b[90m\n\u001b[31m+               },\u001b[90m\n\u001b[31m+             ],\u001b[90m\n\u001b[31m+           },\u001b[90m\n\u001b[31m+         },\u001b[90m\n\u001b[31m+         {\u001b[90m\n\u001b[31m+           \"updateCells\": {\u001b[90m\n\u001b[31m+             \"fields\": \"userEnteredValue\",\u001b[90m\n\u001b[31m+             \"range\": {\u001b[90m\n\u001b[31m+               \"endColumnIndex\": 13,\u001b[90m\n\u001b[31m+               \"endRowIndex\": 9,\u001b[90m\n\u001b[31m+               \"sheetId\": 101,\u001b[90m\n\u001b[31m+               \"startColumnIndex\": 1,\u001b[90m\n\u001b[31m+               \"startRowIndex\": 8,\u001b[90m\n\u001b[31m+             },\u001b[90m\n\u001b[31m+             \"rows\": [\u001b[90m\n\u001b[31m+               {\u001b[90m\n\u001b[31m+                 \"values\": [\u001b[90m\n\u001b[31m+                   {\u001b[90m\n\u001b[31m+                     \"userEnteredValue\": {\u001b[90m\n\u001b[31m+                       \"stringValue\": \"Jan-25\",\u001b[90m\n\u001b[31m+                     },\u001b[90m\n\u001b[31m+                   },\u001b[90m\n\u001b[31m+                   {\u001b[90m\n\u001b[31m+                     \"userEnteredValue\": {\u001b[90m\n\u001b[31m+                       \"stringValue\": \"Feb-25\",\u001b[90m\n\u001b[31m+                     },\u001b[90m\n\u001b[31m+                   },\u001b[90m\n\u001b[31m+                   {\u001b[90m\n\u001b[31m+                     \"userEnteredValue\": {\u001b[90m\n\u001b[31m+                       \"stringValue\": \"Mar-25\",\u001b[90m\n\u001b[31m+                     },\u001b[90m\n\u001b[31m+                   },\u001b[90m\n\u001b[31m+                   {\u001b[90m\n\u001b[31m+                     \"userEnteredValue\": {\u001b[90m\n\u001b[31m+                       \"stringValue\": \"Apr-25\",\u001b[90m\n\u001b[31m+                     },\u001b[90m\n\u001b[31m+                   },\u001b[90m\n\u001b[31m+                   {\u001b[90m\n\u001b[31m+                     \"userEnteredValue\": {\u001b[90m\n\u001b[31m+                       \"stringValue\": \"May-25\",\u001b[90m\n\u001b[31m+                     },\u001b[90m\n\u001b[31m+                   },\u001b[90m\n\u001b[31m+                   {\u001b[90m\n\u001b[31m+                     \"userEnteredValue\": {\u001b[90m\n\u001b[31m+                       \"stringValue\": \"Jun-25\",\u001b[90m\n\u001b[31m+                     },\u001b[90m\n\u001b[31m+                   },\u001b[90m\n\u001b[31m+                   {\u001b[90m\n\u001b[31m+                     \"userEnteredValue\": {\u001b[90m\n\u001b[31m+                       \"stringValue\": \"Jul-25\",\u001b[90m\n\u001b[31m+                     },\u001b[90m\n\u001b[31m+                   },\u001b[90m\n\u001b[31m+                   {\u001b[90m\n\u001b[31m+                     \"userEnteredValue\": {\u001b[90m\n\u001b[31m+                       \"stringValue\": \"Aug-25\",\u001b[90m\n\u001b[31m+                     },\u001b[90m\n\u001b[31m+                   },\u001b[90m\n\u001b[31m+                   {\u001b[90m\n\u001b[31m+                     \"userEnteredValue\": {\u001b[90m\n\u001b[31m+                       \"stringValue\": \"Sep-25\",\u001b[90m\n\u001b[31m+                     },\u001b[90m\n\u001b[31m+                   },\u001b[90m\n\u001b[31m+                   {\u001b[90m\n\u001b[31m+                     \"userEnteredValue\": {\u001b[90m\n\u001b[31m+                       \"stringValue\": \"Oct-25\",\u001b[90m\n\u001b[31m+                     },\u001b[90m\n\u001b[31m+                   },\u001b[90m\n\u001b[31m+                   {\u001b[90m\n\u001b[31m+                     \"userEnteredValue\": {\u001b[90m\n\u001b[31m+                       \"stringValue\": \"Nov-25\",\u001b[90m\n\u001b[31m+                     },\u001b[90m\n\u001b[31m+                   },\u001b[90m\n\u001b[31m+                   {\u001b[90m\n\u001b[31m+                     \"userEnteredValue\": {\u001b[90m\n\u001b[31m+                       \"stringValue\": \"Dec-25\",\u001b[90m\n\u001b[31m+                     },\u001b[90m\n\u001b[31m+                   },\u001b[90m\n\u001b[31m+                 ],\u001b[90m\n\u001b[31m+               },\u001b[90m\n\u001b[31m+             ],\u001b[90m\n\u001b[31m+           },\u001b[90m\n\u001b[31m+         },\u001b[90m\n\u001b[31m+         {\u001b[90m\n\u001b[31m+           \"repeatCell\": {\u001b[90m\n\u001b[31m+             \"cell\": {\u001b[90m\n\u001b[31m+               \"userEnteredValue\": {\u001b[90m\n\u001b[31m+                 \"numberValue\": 0,\u001b[90m\n\u001b[31m+               },\u001b[90m\n\u001b[31m+             },\u001b[90m\n\u001b[31m+             \"fields\": \"userEnteredValue\",\u001b[90m\n\u001b[31m+             \"range\": {\u001b[90m\n\u001b[31m+               \"endColumnIndex\": 13,\u001b[90m\n\u001b[31m+               \"endRowIndex\": 1,\u001b[90m\n\u001b[31m+               \"sheetId\": 101,\u001b[90m\n\u001b[31m+               \"startColumnIndex\": 1,\u001b[90m\n\u001b[31m+               \"startRowIndex\": 0,\u001b[90m\n\u001b[31m+             },\u001b[90m\n\u001b[31m+           },\u001b[90m\n\u001b[31m+         },\u001b[90m\n\u001b[31m+         {\u001b[90m\n\u001b[31m+           \"repeatCell\": {\u001b[90m\n\u001b[31m+             \"cell\": {\u001b[90m\n\u001b[31m+               \"userEnteredValue\": {\u001b[90m\n\u001b[31m+                 \"numberValue\": 0,\u001b[90m\n\u001b[31m+               },\u001b[90m\n\u001b[31m+             },\u001b[90m\n\u001b[31m+             \"fields\": \"userEnteredValue\",\u001b[90m\n\u001b[31m+             \"range\": {\u001b[90m\n\u001b[31m+               \"endColumnIndex\": 13,\u001b[90m\n\u001b[31m+               \"endRowIndex\": 2,\u001b[90m\n\u001b[31m+               \"sheetId\": 101,\u001b[90m\n\u001b[31m+               \"startColumnIndex\": 1,\u001b[90m\n\u001b[31m+               \"startRowIndex\": 1,\u001b[90m\n\u001b[31m+             },\u001b[90m\n\u001b[31m+           },\u001b[90m\n\u001b[31m+         },\u001b[90m\n\u001b[31m+         {\u001b[90m\n\u001b[31m+           \"updateCells\": {\u001b[90m\n\u001b[31m+             \"fields\": \"userEnteredValue\",\u001b[90m\n\u001b[31m+             \"range\": {\u001b[90m\n\u001b[31m+               \"endColumnIndex\": 13,\u001b[90m\n\u001b[31m+               \"endRowIndex\": 6,\u001b[90m\n\u001b[31m+               \"sheetId\": 102,\u001b[90m\n\u001b[31m+               \"startColumnIndex\": 1,\u001b[90m\n\u001b[31m+               \"startRowIndex\": 5,\u001b[90m\n\u001b[31m+             },\u001b[90m\n\u001b[31m+             \"rows\": [\u001b[90m\n\u001b[31m+               {\u001b[90m\n\u001b[31m+                 \"values\": [\u001b[90m\n\u001b[31m+                   {\u001b[90m\n\u001b[31m+                     \"userEnteredValue\": {\u001b[90m\n\u001b[31m+                       \"stringValue\": \"Jan-25\",\u001b[90m\n\u001b[31m+                     },\u001b[90m\n\u001b[31m+                   },\u001b[90m\n\u001b[31m+                   {\u001b[90m\n\u001b[31m+                     \"userEnteredValue\": {\u001b[90m\n\u001b[31m+                       \"stringValue\": \"Feb-25\",\u001b[90m\n\u001b[31m+                     },\u001b[90m\n\u001b[31m+                   },\u001b[90m\n\u001b[31m+                   {\u001b[90m\n\u001b[31m+                     \"userEnteredValue\": {\u001b[90m\n\u001b[31m+                       \"stringValue\": \"Mar-25\",\u001b[90m\n\u001b[31m+                     },\u001b[90m\n\u001b[31m+                   },\u001b[90m\n\u001b[31m+                   {\u001b[90m\n\u001b[31m+                     \"userEnteredValue\": {\u001b[90m\n\u001b[31m+                       \"stringValue\": \"Apr-25\",\u001b[90m\n\u001b[31m+                     },\u001b[90m\n\u001b[31m+                   },\u001b[90m\n\u001b[31m+                   {\u001b[90m\n\u001b[31m+                     \"userEnteredValue\": {\u001b[90m\n\u001b[31m+                       \"stringValue\": \"May-25\",\u001b[90m\n\u001b[31m+                     },\u001b[90m\n\u001b[31m+                   },\u001b[90m\n\u001b[31m+                   {\u001b[90m\n\u001b[31m+                     \"userEnteredValue\": {\u001b[90m\n\u001b[31m+                       \"stringValue\": \"Jun-25\",\u001b[90m\n\u001b[31m+                     },\u001b[90m\n\u001b[31m+                   },\u001b[90m\n\u001b[31m+                   {\u001b[90m\n\u001b[31m+                     \"userEnteredValue\": {\u001b[90m\n\u001b[31m+                       \"stringValue\": \"Jul-25\",\u001b[90m\n\u001b[31m+                     },\u001b[90m\n\u001b[31m+                   },\u001b[90m\n\u001b[31m+                   {\u001b[90m\n\u001b[31m+                     \"userEnteredValue\": {\u001b[90m\n\u001b[31m+                       \"stringValue\": \"Aug-25\",\u001b[90m\n\u001b[31m+                     },\u001b[90m\n\u001b[31m+                   },\u001b[90m\n\u001b[31m+                   {\u001b[90m\n\u001b[31m+                     \"userEnteredValue\": {\u001b[90m\n\u001b[31m+                       \"stringValue\": \"Sep-25\",\u001b[90m\n\u001b[31m+                     },\u001b[90m\n\u001b[31m+                   },\u001b[90m\n\u001b[31m+                   {\u001b[90m\n\u001b[31m+                     \"userEnteredValue\": {\u001b[90m\n\u001b[31m+                       \"stringValue\": \"Oct-25\",\u001b[90m\n\u001b[31m+                     },\u001b[90m\n\u001b[31m+                   },\u001b[90m\n\u001b[31m+                   {\u001b[90m\n\u001b[31m+                     \"userEnteredValue\": {\u001b[90m\n\u001b[31m+                       \"stringValue\": \"Nov-25\",\u001b[90m\n\u001b[31m+                     },\u001b[90m\n\u001b[31m+                   },\u001b[90m\n\u001b[31m+                   {\u001b[90m\n\u001b[31m+                     \"userEnteredValue\": {\u001b[90m\n\u001b[31m+                       \"stringValue\": \"Dec-25\",\u001b[90m\n\u001b[31m+                     },\u001b[90m\n\u001b[31m+                   },\u001b[90m\n\u001b[31m+                 ],\u001b[90m\n\u001b[31m+               },\u001b[90m\n\u001b[31m+             ],\u001b[90m\n\u001b[31m+           },\u001b[90m\n\u001b[31m+         },\u001b[90m\n\u001b[31m+         {\u001b[90m\n\u001b[31m+           \"repeatCell\": {\u001b[90m\n\u001b[31m+             \"cell\": {\u001b[90m\n\u001b[31m+               \"userEnteredValue\": {\u001b[90m\n\u001b[31m+                 \"numberValue\": 0,\u001b[90m\n\u001b[31m+               },\u001b[90m\n\u001b[31m+             },\u001b[90m\n\u001b[31m+             \"fields\": \"userEnteredValue\",\u001b[90m\n\u001b[31m+             \"range\": {\u001b[90m\n\u001b[31m+               \"endColumnIndex\": 13,\u001b[90m\n\u001b[31m+               \"endRowIndex\": 1,\u001b[90m\n\u001b[31m+               \"sheetId\": 102,\u001b[90m\n\u001b[31m+               \"startColumnIndex\": 1,\u001b[90m\n\u001b[31m+               \"startRowIndex\": 0,\u001b[90m\n\u001b[31m+             },\u001b[90m\n\u001b[31m+           },\u001b[90m\n\u001b[31m+         },\u001b[90m\n\u001b[31m+         {\u001b[90m\n\u001b[31m+           \"repeatCell\": {\u001b[90m\n\u001b[31m+             \"cell\": {\u001b[90m\n\u001b[31m+               \"userEnteredValue\": {\u001b[90m\n\u001b[31m+                 \"numberValue\": 0,\u001b[90m\n\u001b[2m                },\u001b[22m\n\u001b[32m-         ObjectContaining {\u001b[90m\n\u001b[32m-           \"addProtectedRange\": Any<Object>,\u001b[90m\n\u001b[2m              },\u001b[22m\n\u001b[32m-         ObjectContaining {\u001b[90m\n\u001b[32m-           \"repeatCell\": Any<Object>,\u001b[90m\n\u001b[31m+             \"fields\": \"userEnteredValue\",\u001b[90m\n\u001b[31m+             \"range\": {\u001b[90m\n\u001b[31m+               \"endColumnIndex\": 13,\u001b[90m\n\u001b[31m+               \"endRowIndex\": 2,\u001b[90m\n\u001b[31m+               \"sheetId\": 102,\u001b[90m\n\u001b[31m+               \"startColumnIndex\": 1,\u001b[90m\n\u001b[31m+               \"startRowIndex\": 1,\u001b[90m\n\u001b[31m+             },\u001b[90m\n\u001b[31m+           },\u001b[90m\n\u001b[2m          },\u001b[22m\n\u001b[2m        ],\u001b[22m\n\u001b[2m      },\u001b[22m\n\u001b[2m      \"method\": \"POST\",\u001b[22m\n\u001b[2m    },\u001b[22m\n\u001b[39m\u001b[90m\n\nNumber of calls: \u001b[1m3\u001b[22m\n\u001b[39m\n    at Proxy.<anonymous> (file:///G:/Fergus/Downloads/sheetsense/node_modules/@vitest/expect/dist/index.js:1420:10)\n    at Proxy.<anonymous> (file:///G:/Fergus/Downloads/sheetsense/node_modules/@vitest/expect/dist/index.js:1090:14)\n    at Proxy.methodWrapper (file:///G:/Fergus/Downloads/sheetsense/node_modules/chai/index.js:1700:25)\n    at G:/Fergus/Downloads/sheetsense/tests/services/RolloverProtocol.test.ts:41:34\n    at processTicksAndRejections (node:internal/process/task_queues:103:5)\n    at file:///G:/Fergus/Downloads/sheetsense/node_modules/@vitest/runner/dist/index.js:915:20"],"meta":{}},{"ancestorTitles":["RolloverProtocol: Year-End Authority"],"fullName":"RolloverProtocol: Year-End Authority should throw if it cannot find the active tabs","status":"passed","title":"should throw if it cannot find the active tabs","duration":0.8546999999998661,"failureMessages":[],"meta":{}}],"startTime":1769649934504,"endTime":1769649934511.8547,"status":"failed","message":"","name":"G:/Fergus/Downloads/sheetsense/tests/services/RolloverProtocol.test.ts"},{"assertionResults":[{"ancestorTitles":["FinanceSync: Conflict Logic"],"fullName":"FinanceSync: Conflict Logic should set conflict state if local data is dirty during a sync request","status":"passed","title":"should set conflict state if local data is dirty during a sync request","duration":82.89280000000008,"failureMessages":[],"meta":{}},{"ancestorTitles":["FinanceSync: Conflict Logic"],"fullName":"FinanceSync: Conflict Logic should proceed with sync if no local data is dirty","status":"passed","title":"should proceed with sync if no local data is dirty","duration":14.329699999999775,"failureMessages":[],"meta":{}}],"startTime":1769649934616,"endTime":1769649934713.3296,"status":"passed","message":"","name":"G:/Fergus/Downloads/sheetsense/tests/sync/ConflictResolution.test.ts"},{"assertionResults":[{"ancestorTitles":["FinanceSync: Network Orchestration"],"fullName":"FinanceSync: Network Orchestration should successfully fetch and dispatch asset data from the mock cloud","status":"passed","title":"should successfully fetch and dispatch asset data from the mock cloud","duration":21.697899999999663,"failureMessages":[],"meta":{}},{"ancestorTitles":["FinanceSync: Network Orchestration"],"fullName":"FinanceSync: Network Orchestration should handle network failures gracefully","status":"passed","title":"should handle network failures gracefully","duration":71.35720000000038,"failureMessages":[],"meta":{}}],"startTime":1769649934715,"endTime":1769649934807.3572,"status":"passed","message":"","name":"G:/Fergus/Downloads/sheetsense/tests/sync/FinanceSync.test.ts"},{"assertionResults":[{"ancestorTitles":["TemporalSovereign: Chronos Authority"],"fullName":"TemporalSovereign: Chronos Authority should resolve \"Logical Today\" correctly when in the active year","status":"passed","title":"should resolve \"Logical Today\" correctly when in the active year","duration":1.9945000000002437,"failureMessages":[],"meta":{}},{"ancestorTitles":["TemporalSovereign: Chronos Authority"],"fullName":"TemporalSovereign: Chronos Authority should resolve \"Logical Today\" to year-end when viewing historical context","status":"passed","title":"should resolve \"Logical Today\" to year-end when viewing historical context","duration":0.3429000000000997,"failureMessages":[],"meta":{}},{"ancestorTitles":["TemporalSovereign: Chronos Authority","isDateInWindow Logic"],"fullName":"TemporalSovereign: Chronos Authority isDateInWindow Logic should correctly identify MTD (Month-to-Date) boundaries","status":"passed","title":"should correctly identify MTD (Month-to-Date) boundaries","duration":0.4853000000002794,"failureMessages":[],"meta":{}},{"ancestorTitles":["TemporalSovereign: Chronos Authority","isDateInWindow Logic"],"fullName":"TemporalSovereign: Chronos Authority isDateInWindow Logic should handle QTD (Quarter-to-Date) spanning multiple months","status":"passed","title":"should handle QTD (Quarter-to-Date) spanning multiple months","duration":0.23779999999987922,"failureMessages":[],"meta":{}}],"startTime":1769649934002,"endTime":1769649934005.4854,"status":"passed","message":"","name":"G:/Fergus/Downloads/sheetsense/tests/temporal/TemporalSovereign.test.ts"}]}