{"numTotalTestSuites":36,"numPassedTestSuites":36,"numFailedTestSuites":0,"numPendingTestSuites":0,"numTotalTests":52,"numPassedTests":52,"numFailedTests":0,"numPendingTests":0,"numTodoTests":0,"snapshot":{"added":0,"failure":false,"filesAdded":0,"filesRemoved":0,"filesRemovedList":[],"filesUnmatched":0,"filesUpdated":0,"matched":0,"total":0,"unchecked":0,"uncheckedKeysByFile":[],"unmatched":0,"updated":0,"didUpdate":false},"startTime":1770753744282,"success":true,"testResults":[{"assertionResults":[{"ancestorTitles":["ProjectionEngine: Strategic Simulation"],"fullName":"ProjectionEngine: Strategic Simulation should detect the FI/RE milestone when passive income exceeds expenses","status":"passed","title":"should detect the FI/RE milestone when passive income exceeds expenses","duration":1.021600000000035,"failureMessages":[],"meta":{}},{"ancestorTitles":["ProjectionEngine: Strategic Simulation"],"fullName":"ProjectionEngine: Strategic Simulation should correctly apply a life event (Windfall) at a specific month","status":"passed","title":"should correctly apply a life event (Windfall) at a specific month","duration":0.24479999999994106,"failureMessages":[],"meta":{}},{"ancestorTitles":["ProjectionEngine: Strategic Simulation"],"fullName":"ProjectionEngine: Strategic Simulation should maintain static wealth if growth and surplus are zero","status":"passed","title":"should maintain static wealth if growth and surplus are zero","duration":0.17770000000018626,"failureMessages":[],"meta":{}}],"startTime":1770753746620,"endTime":1770753746621.2449,"status":"passed","message":"","name":"G:/Onedrive/Documents/OneNote Notebooks/sheetsense/tests/cockpit/ProjectionEngine.test.ts"},{"assertionResults":[{"ancestorTitles":["MerchantIntelligence: Behavioral Engine"],"fullName":"MerchantIntelligence: Behavioral Engine should detect a Monthly cadence for recurring merchants","status":"passed","title":"should detect a Monthly cadence for recurring merchants","duration":1.3976000000002387,"failureMessages":[],"meta":{}},{"ancestorTitles":["MerchantIntelligence: Behavioral Engine"],"fullName":"MerchantIntelligence: Behavioral Engine should identify spending shocks correctly","status":"passed","title":"should identify spending shocks correctly","duration":0.32960000000002765,"failureMessages":[],"meta":{}},{"ancestorTitles":["MerchantIntelligence: Behavioral Engine"],"fullName":"MerchantIntelligence: Behavioral Engine should flag unregistered recurring merchants for conversion","status":"passed","title":"should flag unregistered recurring merchants for conversion","duration":0.18650000000025102,"failureMessages":[],"meta":{}}],"startTime":1770753746697,"endTime":1770753746699.3296,"status":"passed","message":"","name":"G:/Onedrive/Documents/OneNote Notebooks/sheetsense/tests/domain/MerchantIntelligence.test.ts"},{"assertionResults":[{"ancestorTitles":["PortfolioReconciliation: Position Integrity"],"fullName":"PortfolioReconciliation: Position Integrity should proportionally distribute net trades across existing accounts","status":"passed","title":"should proportionally distribute net trades across existing accounts","duration":0.9821999999999207,"failureMessages":[],"meta":{}},{"ancestorTitles":["PortfolioReconciliation: Position Integrity"],"fullName":"PortfolioReconciliation: Position Integrity should detect new tickers found only in trades as derived positions","status":"passed","title":"should detect new tickers found only in trades as derived positions","duration":0.28890000000001237,"failureMessages":[],"meta":{}},{"ancestorTitles":["PortfolioReconciliation: Position Integrity"],"fullName":"PortfolioReconciliation: Position Integrity should correctly handle a full exit of a position","status":"passed","title":"should correctly handle a full exit of a position","duration":0.2056999999999789,"failureMessages":[],"meta":{}},{"ancestorTitles":["PortfolioReconciliation: Position Integrity"],"fullName":"PortfolioReconciliation: Position Integrity should ignore fully exited derived positions","status":"passed","title":"should ignore fully exited derived positions","duration":0.1572000000001026,"failureMessages":[],"meta":{}}],"startTime":1770753747358,"endTime":1770753747360.1572,"status":"passed","message":"","name":"G:/Onedrive/Documents/OneNote Notebooks/sheetsense/tests/domain/PortfolioReconciliation.test.ts"},{"assertionResults":[{"ancestorTitles":["FinancialEngine: Math Authority","Rounding Protocol"],"fullName":"FinancialEngine: Math Authority Rounding Protocol should round standard financial values to 2 decimals","status":"passed","title":"should round standard financial values to 2 decimals","duration":0.7598000000002685,"failureMessages":[],"meta":{}},{"ancestorTitles":["FinancialEngine: Math Authority","Rounding Protocol"],"fullName":"FinancialEngine: Math Authority Rounding Protocol should handle floating point precision errors","status":"passed","title":"should handle floating point precision errors","duration":0.1149000000000342,"failureMessages":[],"meta":{}},{"ancestorTitles":["FinancialEngine: Math Authority","Percentage Change"],"fullName":"FinancialEngine: Math Authority Percentage Change should calculate positive growth correctly","status":"passed","title":"should calculate positive growth correctly","duration":0.09979999999995925,"failureMessages":[],"meta":{}},{"ancestorTitles":["FinancialEngine: Math Authority","Percentage Change"],"fullName":"FinancialEngine: Math Authority Percentage Change should calculate negative growth (loss) correctly","status":"passed","title":"should calculate negative growth (loss) correctly","duration":0.11110000000007858,"failureMessages":[],"meta":{}},{"ancestorTitles":["FinancialEngine: Math Authority","Percentage Change"],"fullName":"FinancialEngine: Math Authority Percentage Change should return null if previous value is zero to prevent Infinity","status":"passed","title":"should return null if previous value is zero to prevent Infinity","duration":0.12950000000000728,"failureMessages":[],"meta":{}},{"ancestorTitles":["FinancialEngine: Math Authority","Median Calculation (Baseline Engine)"],"fullName":"FinancialEngine: Math Authority Median Calculation (Baseline Engine) should find the middle value in an odd-length array","status":"passed","title":"should find the middle value in an odd-length array","duration":0.09239999999999782,"failureMessages":[],"meta":{}},{"ancestorTitles":["FinancialEngine: Math Authority","Median Calculation (Baseline Engine)"],"fullName":"FinancialEngine: Math Authority Median Calculation (Baseline Engine) should find the average of two middle values in an even-length array","status":"passed","title":"should find the average of two middle values in an even-length array","duration":0.05009999999992942,"failureMessages":[],"meta":{}},{"ancestorTitles":["FinancialEngine: Math Authority","Dietz Method (Money-Weighted Return)"],"fullName":"FinancialEngine: Math Authority Dietz Method (Money-Weighted Return) should calculate basic market gain without flows","status":"passed","title":"should calculate basic market gain without flows","duration":0.15039999999999054,"failureMessages":[],"meta":{}},{"ancestorTitles":["FinancialEngine: Math Authority","Dietz Method (Money-Weighted Return)"],"fullName":"FinancialEngine: Math Authority Dietz Method (Money-Weighted Return) should account for capital injections (net flows)","status":"passed","title":"should account for capital injections (net flows)","duration":0.16089999999985594,"failureMessages":[],"meta":{}},{"ancestorTitles":["FinancialEngine: Math Authority","Dietz Method (Money-Weighted Return)"],"fullName":"FinancialEngine: Math Authority Dietz Method (Money-Weighted Return) should handle zero-start edge cases","status":"passed","title":"should handle zero-start edge cases","duration":0.11279999999987922,"failureMessages":[],"meta":{}},{"ancestorTitles":["FinancialEngine: Math Authority","Risk Metrics: Max Drawdown"],"fullName":"FinancialEngine: Math Authority Risk Metrics: Max Drawdown should calculate 0% drawdown for purely ascending series","status":"passed","title":"should calculate 0% drawdown for purely ascending series","duration":0.09439999999995052,"failureMessages":[],"meta":{}},{"ancestorTitles":["FinancialEngine: Math Authority","Risk Metrics: Max Drawdown"],"fullName":"FinancialEngine: Math Authority Risk Metrics: Max Drawdown should identify the largest peak-to-trough decline","status":"passed","title":"should identify the largest peak-to-trough decline","duration":0.044499999999970896,"failureMessages":[],"meta":{}}],"startTime":1770753746429,"endTime":1770753746432.0444,"status":"passed","message":"","name":"G:/Onedrive/Documents/OneNote Notebooks/sheetsense/tests/math/FinancialEngine.test.ts"},{"assertionResults":[{"ancestorTitles":["MortgageService: Institutional Math"],"fullName":"MortgageService: Institutional Math should calculate standard monthly payments matching Canadian compounding rules","status":"passed","title":"should calculate standard monthly payments matching Canadian compounding rules","duration":1.113999999999578,"failureMessages":[],"meta":{}},{"ancestorTitles":["MortgageService: Institutional Math"],"fullName":"MortgageService: Institutional Math should calculate the \"Renewal Shock\" delta correctly","status":"passed","title":"should calculate the \"Renewal Shock\" delta correctly","duration":0.4596000000001368,"failureMessages":[],"meta":{}},{"ancestorTitles":["MortgageService: Institutional Math"],"fullName":"MortgageService: Institutional Math should verify acceleration benefit from accelerated bi-weekly frequency","status":"passed","title":"should verify acceleration benefit from accelerated bi-weekly frequency","duration":0.9203000000002248,"failureMessages":[],"meta":{}}],"startTime":1770753746628,"endTime":1770753746630.9204,"status":"passed","message":"","name":"G:/Onedrive/Documents/OneNote Notebooks/sheetsense/tests/math/MortgageService.test.ts"},{"assertionResults":[{"ancestorTitles":["BackupService: EVP Integrity"],"fullName":"BackupService: EVP Integrity should reject unencrypted or malformed legacy backups","status":"passed","title":"should reject unencrypted or malformed legacy backups","duration":2.2204999999999018,"failureMessages":[],"meta":{}},{"ancestorTitles":["BackupService: EVP Integrity"],"fullName":"BackupService: EVP Integrity should detect identity mismatch on decryption failure","status":"passed","title":"should detect identity mismatch on decryption failure","duration":0.5943999999999505,"failureMessages":[],"meta":{}}],"startTime":1770753746579,"endTime":1770753746581.5945,"status":"passed","message":"","name":"G:/Onedrive/Documents/OneNote Notebooks/sheetsense/tests/infrastructure/BackupService.test.ts"},{"assertionResults":[{"ancestorTitles":["CryptoService: Vault Integrity Protocol"],"fullName":"CryptoService: Vault Integrity Protocol should generate a deterministic signature for a payload","status":"passed","title":"should generate a deterministic signature for a payload","duration":3.4411999999999807,"failureMessages":[],"meta":{}},{"ancestorTitles":["CryptoService: Vault Integrity Protocol"],"fullName":"CryptoService: Vault Integrity Protocol should fail integrity verification if the sheet ID is modified","status":"passed","title":"should fail integrity verification if the sheet ID is modified","duration":0.6041000000000167,"failureMessages":[],"meta":{}},{"ancestorTitles":["CryptoService: Vault Integrity Protocol"],"fullName":"CryptoService: Vault Integrity Protocol should successfully round-trip encryption and decryption","status":"passed","title":"should successfully round-trip encryption and decryption","duration":59.23540000000003,"failureMessages":[],"meta":{}},{"ancestorTitles":["CryptoService: Vault Integrity Protocol"],"fullName":"CryptoService: Vault Integrity Protocol should fail to decrypt if the seed is incorrect (Identity Locking)","status":"passed","title":"should fail to decrypt if the seed is incorrect (Identity Locking)","duration":26.66449999999986,"failureMessages":[],"meta":{}}],"startTime":1770753746349,"endTime":1770753746439.6646,"status":"passed","message":"","name":"G:/Onedrive/Documents/OneNote Notebooks/sheetsense/tests/infrastructure/CryptoService.test.ts"},{"assertionResults":[{"ancestorTitles":["IntelligenceProvider: Neural Core","Strategy 1: Deterministic Cleaning"],"fullName":"IntelligenceProvider: Neural Core Strategy 1: Deterministic Cleaning should strip noise like hashtags, long codes, and locations","status":"passed","title":"should strip noise like hashtags, long codes, and locations","duration":1.0533999999997832,"failureMessages":[],"meta":{}},{"ancestorTitles":["IntelligenceProvider: Neural Core","Strategy 2: Neural Integration (Gemini Mock)"],"fullName":"IntelligenceProvider: Neural Core Strategy 2: Neural Integration (Gemini Mock) should map unknown merchants to target categories via AI mock","status":"passed","title":"should map unknown merchants to target categories via AI mock","duration":3.012499999999818,"failureMessages":[],"meta":{}}],"startTime":1770753746459,"endTime":1770753746464.0125,"status":"passed","message":"","name":"G:/Onedrive/Documents/OneNote Notebooks/sheetsense/tests/infrastructure/IntelligenceProvider.test.ts"},{"assertionResults":[{"ancestorTitles":["LedgerParsers: Matrix Resolution"],"fullName":"LedgerParsers: Matrix Resolution should correctly identify parent categories based on header heuristic","status":"passed","title":"should correctly identify parent categories based on header heuristic","duration":1.8807999999999083,"failureMessages":[],"meta":{}},{"ancestorTitles":["LedgerParsers: Matrix Resolution"],"fullName":"LedgerParsers: Matrix Resolution should parse indented sub-categories and normalize dirty numeric strings","status":"passed","title":"should parse indented sub-categories and normalize dirty numeric strings","duration":0.38560000000006767,"failureMessages":[],"meta":{}},{"ancestorTitles":["LedgerParsers: Matrix Resolution"],"fullName":"LedgerParsers: Matrix Resolution should handle empty months without crashing","status":"passed","title":"should handle empty months without crashing","duration":0.18979999999965003,"failureMessages":[],"meta":{}}],"startTime":1770753746553,"endTime":1770753746556.1897,"status":"passed","message":"","name":"G:/Onedrive/Documents/OneNote Notebooks/sheetsense/tests/parsers/LedgerParsers.test.ts"},{"assertionResults":[{"ancestorTitles":["UniversalParser: Ingestion Guard"],"fullName":"UniversalParser: Ingestion Guard should correctly map columns based on fuzzy keyword matching","status":"passed","title":"should correctly map columns based on fuzzy keyword matching","duration":2.387500000000273,"failureMessages":[],"meta":{}},{"ancestorTitles":["UniversalParser: Ingestion Guard"],"fullName":"UniversalParser: Ingestion Guard should ignore empty rows","status":"passed","title":"should ignore empty rows","duration":0.29950000000008004,"failureMessages":[],"meta":{}},{"ancestorTitles":["UniversalParser: Ingestion Guard"],"fullName":"UniversalParser: Ingestion Guard should reject rows missing required fields","status":"passed","title":"should reject rows missing required fields","duration":0.49530000000004293,"failureMessages":[],"meta":{}},{"ancestorTitles":["UniversalParser: Ingestion Guard"],"fullName":"UniversalParser: Ingestion Guard should handle currency symbols and formatted numbers","status":"passed","title":"should handle currency symbols and formatted numbers","duration":0.2966999999998734,"failureMessages":[],"meta":{}},{"ancestorTitles":["UniversalParser: Ingestion Guard"],"fullName":"UniversalParser: Ingestion Guard should execute post-processing logic if defined in schema","status":"passed","title":"should execute post-processing logic if defined in schema","duration":0.34380000000010114,"failureMessages":[],"meta":{}},{"ancestorTitles":["UniversalParser: Ingestion Guard"],"fullName":"UniversalParser: Ingestion Guard should handle numeric ticker names gracefully","status":"passed","title":"should handle numeric ticker names gracefully","duration":0.2009000000002743,"failureMessages":[],"meta":{}}],"startTime":1770753747359,"endTime":1770753747363.3438,"status":"passed","message":"","name":"G:/Onedrive/Documents/OneNote Notebooks/sheetsense/tests/parsers/UniversalParser.test.ts"},{"assertionResults":[{"ancestorTitles":["RolloverProtocol: Year-End Authority"],"fullName":"RolloverProtocol: Year-End Authority should execute a full rollover sequence with archiving and resetting","status":"passed","title":"should execute a full rollover sequence with archiving and resetting","duration":1.88570000000027,"failureMessages":[],"meta":{}},{"ancestorTitles":["RolloverProtocol: Year-End Authority"],"fullName":"RolloverProtocol: Year-End Authority should throw if it cannot find the active tabs","status":"passed","title":"should throw if it cannot find the active tabs","duration":1.7031000000001768,"failureMessages":[],"meta":{}}],"startTime":1770753747362,"endTime":1770753747365.7031,"status":"passed","message":"","name":"G:/Onedrive/Documents/OneNote Notebooks/sheetsense/tests/services/RolloverProtocol.test.ts"},{"assertionResults":[{"ancestorTitles":["FinanceSync: Conflict Logic"],"fullName":"FinanceSync: Conflict Logic should set conflict state if local data is dirty during a sync request","status":"passed","title":"should set conflict state if local data is dirty during a sync request","duration":81.88480000000027,"failureMessages":[],"meta":{}},{"ancestorTitles":["FinanceSync: Conflict Logic"],"fullName":"FinanceSync: Conflict Logic should proceed with sync if no local data is dirty","status":"passed","title":"should proceed with sync if no local data is dirty","duration":12.795200000000023,"failureMessages":[],"meta":{}}],"startTime":1770753747233,"endTime":1770753747327.7952,"status":"passed","message":"","name":"G:/Onedrive/Documents/OneNote Notebooks/sheetsense/tests/sync/ConflictResolution.test.ts"},{"assertionResults":[{"ancestorTitles":["FinanceSync: Network Orchestration"],"fullName":"FinanceSync: Network Orchestration should successfully fetch and dispatch asset data from the mock cloud","status":"passed","title":"should successfully fetch and dispatch asset data from the mock cloud","duration":26.723899999999958,"failureMessages":[],"meta":{}},{"ancestorTitles":["FinanceSync: Network Orchestration"],"fullName":"FinanceSync: Network Orchestration should handle network failures gracefully","status":"passed","title":"should handle network failures gracefully","duration":69.35390000000007,"failureMessages":[],"meta":{}}],"startTime":1770753747352,"endTime":1770753747448.354,"status":"passed","message":"","name":"G:/Onedrive/Documents/OneNote Notebooks/sheetsense/tests/sync/FinanceSync.test.ts"},{"assertionResults":[{"ancestorTitles":["TemporalSovereign: Chronos Authority"],"fullName":"TemporalSovereign: Chronos Authority should resolve \"Logical Today\" correctly when in the active year","status":"passed","title":"should resolve \"Logical Today\" correctly when in the active year","duration":1.7825000000002547,"failureMessages":[],"meta":{}},{"ancestorTitles":["TemporalSovereign: Chronos Authority"],"fullName":"TemporalSovereign: Chronos Authority should resolve \"Logical Today\" to year-end when viewing historical context","status":"passed","title":"should resolve \"Logical Today\" to year-end when viewing historical context","duration":0.3946000000000822,"failureMessages":[],"meta":{}},{"ancestorTitles":["TemporalSovereign: Chronos Authority","isDateInWindow Logic"],"fullName":"TemporalSovereign: Chronos Authority isDateInWindow Logic should correctly identify MTD (Month-to-Date) boundaries","status":"passed","title":"should correctly identify MTD (Month-to-Date) boundaries","duration":0.3933999999999287,"failureMessages":[],"meta":{}},{"ancestorTitles":["TemporalSovereign: Chronos Authority","isDateInWindow Logic"],"fullName":"TemporalSovereign: Chronos Authority isDateInWindow Logic should handle QTD (Quarter-to-Date) spanning multiple months","status":"passed","title":"should handle QTD (Quarter-to-Date) spanning multiple months","duration":0.2422999999998865,"failureMessages":[],"meta":{}}],"startTime":1770753746622,"endTime":1770753746625.2422,"status":"passed","message":"","name":"G:/Onedrive/Documents/OneNote Notebooks/sheetsense/tests/temporal/TemporalSovereign.test.ts"}]}